<?xml version="1.0" ?>
<coverage branch-rate="0" line-rate="0.8867" timestamp="1454693578174" version="4.0.3">
	<!-- Generated by coverage.py: https://coverage.readthedocs.org -->
	<!-- Based on https://raw.githubusercontent.com/cobertura/web/f0366e5e2cf18f111cbd61fc34ef720a6584ba02/htdocs/xml/coverage-03.dtd -->
	<sources>
		<source>/Users/yurishkuro/Uber/opentracing-api-python</source>
		<source>/Users/yurishkuro/Uber/opentracing-api-python/opentracing</source>
	</sources>
	<packages>
		<package branch-rate="0" complexity="0" line-rate="1" name="opentracing">
			<classes>
				<class branch-rate="0" complexity="0" filename="opentracing/__init__.py" line-rate="1" name="__init__.py">
					<methods/>
					<lines>
						<line hits="1" number="20"/>
						<line hits="1" number="21"/>
						<line hits="1" number="22"/>
						<line hits="1" number="23"/>
						<line hits="1" number="24"/>
						<line hits="1" number="25"/>
						<line hits="1" number="26"/>
						<line hits="1" number="31"/>
					</lines>
				</class>
				<class branch-rate="0" complexity="0" filename="opentracing/context.py" line-rate="1" name="context.py">
					<methods/>
					<lines>
						<line hits="1" number="21"/>
						<line hits="1" number="24"/>
						<line hits="1" number="37"/>
						<line hits="1" number="62"/>
						<line hits="1" number="64"/>
						<line hits="1" number="75"/>
						<line hits="1" number="78"/>
						<line hits="1" number="89"/>
						<line hits="1" number="100"/>
						<line hits="1" number="102"/>
						<line hits="1" number="113"/>
						<line hits="1" number="116"/>
						<line hits="1" number="119"/>
						<line hits="1" number="130"/>
						<line hits="1" number="132"/>
						<line hits="1" number="143"/>
						<line hits="1" number="146"/>
						<line hits="1" number="153"/>
						<line hits="1" number="155"/>
						<line hits="1" number="164"/>
						<line hits="1" number="166"/>
						<line hits="1" number="179"/>
					</lines>
				</class>
				<class branch-rate="0" complexity="0" filename="opentracing/span.py" line-rate="1" name="span.py">
					<methods/>
					<lines>
						<line hits="1" number="21"/>
						<line hits="1" number="24"/>
						<line hits="1" number="43"/>
						<line hits="1" number="44"/>
						<line hits="1" number="46"/>
						<line hits="1" number="51"/>
						<line hits="1" number="53"/>
						<line hits="1" number="59"/>
						<line hits="1" number="60"/>
						<line hits="1" number="63"/>
						<line hits="1" number="65"/>
						<line hits="1" number="79"/>
						<line hits="1" number="81"/>
						<line hits="1" number="88"/>
						<line hits="1" number="90"/>
						<line hits="1" number="108"/>
						<line hits="1" number="110"/>
						<line hits="1" number="118"/>
						<line hits="1" number="120"/>
						<line hits="1" number="128"/>
					</lines>
				</class>
				<class branch-rate="0" complexity="0" filename="opentracing/tracer.py" line-rate="1" name="tracer.py">
					<methods/>
					<lines>
						<line hits="1" number="21"/>
						<line hits="1" number="22"/>
						<line hits="1" number="23"/>
						<line hits="1" number="24"/>
						<line hits="1" number="25"/>
						<line hits="1" number="28"/>
						<line hits="1" number="36"/>
						<line hits="1" number="38"/>
						<line hits="1" number="54"/>
						<line hits="1" number="56"/>
						<line hits="1" number="75"/>
						<line hits="1" number="77"/>
						<line hits="1" number="83"/>
						<line hits="1" number="84"/>
						<line hits="1" number="85"/>
					</lines>
				</class>
			</classes>
		</package>
		<package branch-rate="0" complexity="0" line-rate="1" name="opentracing.ext">
			<classes>
				<class branch-rate="0" complexity="0" filename="opentracing/ext/__init__.py" line-rate="1" name="__init__.py">
					<methods/>
					<lines/>
				</class>
				<class branch-rate="0" complexity="0" filename="opentracing/ext/tags.py" line-rate="1" name="tags.py">
					<methods/>
					<lines>
						<line hits="1" number="20"/>
						<line hits="1" number="32"/>
						<line hits="1" number="35"/>
						<line hits="1" number="38"/>
						<line hits="1" number="41"/>
						<line hits="1" number="44"/>
						<line hits="1" number="47"/>
						<line hits="1" number="50"/>
						<line hits="1" number="53"/>
					</lines>
				</class>
			</classes>
		</package>
		<package branch-rate="0" complexity="0" line-rate="1" name="opentracing.harness">
			<classes>
				<class branch-rate="0" complexity="0" filename="opentracing/harness/__init__.py" line-rate="1" name="__init__.py">
					<methods/>
					<lines>
						<line hits="1" number="20"/>
					</lines>
				</class>
				<class branch-rate="0" complexity="0" filename="opentracing/harness/api_check.py" line-rate="1" name="api_check.py">
					<methods/>
					<lines>
						<line hits="1" number="20"/>
						<line hits="1" number="23"/>
						<line hits="1" number="29"/>
						<line hits="1" number="30"/>
						<line hits="1" number="32"/>
						<line hits="1" number="39"/>
						<line hits="1" number="41"/>
						<line hits="1" number="42"/>
						<line hits="1" number="43"/>
						<line hits="1" number="44"/>
						<line hits="1" number="45"/>
						<line hits="1" number="47"/>
						<line hits="1" number="50"/>
						<line hits="1" number="52"/>
						<line hits="1" number="53"/>
						<line hits="1" number="54"/>
						<line hits="1" number="55"/>
						<line hits="1" number="56"/>
						<line hits="1" number="58"/>
						<line hits="1" number="59"/>
						<line hits="1" number="62"/>
						<line hits="1" number="63"/>
						<line hits="1" number="65"/>
						<line hits="1" number="66"/>
						<line hits="1" number="67"/>
						<line hits="1" number="68"/>
						<line hits="1" number="69"/>
						<line hits="1" number="71"/>
						<line hits="1" number="72"/>
						<line hits="1" number="74"/>
						<line hits="1" number="75"/>
						<line hits="1" number="77"/>
						<line hits="1" number="78"/>
						<line hits="1" number="79"/>
						<line hits="1" number="82"/>
						<line hits="1" number="83"/>
						<line hits="1" number="84"/>
						<line hits="1" number="85"/>
						<line hits="1" number="86"/>
						<line hits="1" number="87"/>
						<line hits="1" number="88"/>
						<line hits="1" number="92"/>
						<line hits="1" number="93"/>
						<line hits="1" number="94"/>
						<line hits="1" number="97"/>
						<line hits="1" number="99"/>
						<line hits="1" number="100"/>
						<line hits="1" number="101"/>
						<line hits="1" number="106"/>
						<line hits="1" number="107"/>
						<line hits="1" number="108"/>
						<line hits="1" number="109"/>
						<line hits="1" number="110"/>
						<line hits="1" number="111"/>
						<line hits="1" number="113"/>
						<line hits="1" number="114"/>
						<line hits="1" number="115"/>
						<line hits="1" number="118"/>
						<line hits="1" number="119"/>
						<line hits="1" number="121"/>
						<line hits="1" number="122"/>
						<line hits="1" number="123"/>
						<line hits="1" number="124"/>
						<line hits="1" number="127"/>
						<line hits="1" number="128"/>
						<line hits="1" number="129"/>
						<line hits="1" number="133"/>
						<line hits="1" number="135"/>
						<line hits="1" number="136"/>
						<line hits="1" number="137"/>
						<line hits="1" number="138"/>
						<line hits="1" number="141"/>
						<line hits="1" number="142"/>
						<line hits="1" number="143"/>
						<line hits="1" number="147"/>
					</lines>
				</class>
			</classes>
		</package>
		<package branch-rate="0" complexity="0" line-rate="0.566" name="opentracing.standard">
			<classes>
				<class branch-rate="0" complexity="0" filename="opentracing/standard/__init__.py" line-rate="1" name="__init__.py">
					<methods/>
					<lines>
						<line hits="1" number="20"/>
						<line hits="1" number="22"/>
					</lines>
				</class>
				<class branch-rate="0" complexity="0" filename="opentracing/standard/context.py" line-rate="1" name="context.py">
					<methods/>
					<lines>
						<line hits="1" number="21"/>
						<line hits="1" number="22"/>
						<line hits="1" number="23"/>
						<line hits="1" number="26"/>
						<line hits="1" number="34"/>
						<line hits="1" number="44"/>
						<line hits="1" number="45"/>
						<line hits="1" number="47"/>
						<line hits="1" number="59"/>
						<line hits="1" number="61"/>
						<line hits="1" number="73"/>
						<line hits="1" number="74"/>
						<line hits="1" number="76"/>
						<line hits="1" number="77"/>
						<line hits="1" number="78"/>
						<line hits="1" number="79"/>
						<line hits="1" number="80"/>
						<line hits="1" number="82"/>
						<line hits="1" number="88"/>
						<line hits="1" number="89"/>
						<line hits="1" number="90"/>
						<line hits="1" number="92"/>
						<line hits="1" number="94"/>
						<line hits="1" number="100"/>
						<line hits="1" number="101"/>
						<line hits="1" number="102"/>
						<line hits="1" number="104"/>
						<line hits="1" number="105"/>
					</lines>
				</class>
				<class branch-rate="0" complexity="0" filename="opentracing/standard/raw.py" line-rate="0" name="raw.py">
					<methods/>
					<lines>
						<line hits="0" number="21"/>
						<line hits="0" number="24"/>
						<line hits="0" number="28"/>
						<line hits="0" number="29"/>
						<line hits="0" number="30"/>
						<line hits="0" number="31"/>
						<line hits="0" number="32"/>
						<line hits="0" number="33"/>
						<line hits="0" number="34"/>
						<line hits="0" number="36"/>
						<line hits="0" number="37"/>
						<line hits="0" number="38"/>
						<line hits="0" number="39"/>
						<line hits="0" number="41"/>
						<line hits="0" number="42"/>
						<line hits="0" number="43"/>
						<line hits="0" number="44"/>
						<line hits="0" number="47"/>
						<line hits="0" number="51"/>
						<line hits="0" number="52"/>
						<line hits="0" number="53"/>
						<line hits="0" number="54"/>
						<line hits="0" number="55"/>
					</lines>
				</class>
			</classes>
		</package>
	</packages>
</coverage>
