<?xml version="1.0" ?>
<coverage branch-rate="1" line-rate="1" timestamp="1455719493389" version="4.0.3">
	<!-- Generated by coverage.py: https://coverage.readthedocs.org -->
	<!-- Based on https://raw.githubusercontent.com/cobertura/web/f0366e5e2cf18f111cbd61fc34ef720a6584ba02/htdocs/xml/coverage-03.dtd -->
	<sources>
		<source>/home/tseaver/projects/Zope/Z3/zopetoolkit/src/zope.event</source>
	</sources>
	<packages>
		<package branch-rate="1" complexity="0" line-rate="1" name="src.zope.event">
			<classes>
				<class branch-rate="1" complexity="0" filename="src/zope/event/__init__.py" line-rate="1" name="__init__.py">
					<methods/>
					<lines>
						<line hits="1" number="14"/>
						<line hits="1" number="25"/>
						<line hits="1" number="27"/>
						<line branch="true" condition-coverage="100% (2/2)" hits="1" number="30"/>
						<line hits="1" number="31"/>
					</lines>
				</class>
				<class branch-rate="1" complexity="0" filename="src/zope/event/classhandler.py" line-rate="1" name="classhandler.py">
					<methods/>
					<lines>
						<line hits="1" number="43"/>
						<line hits="1" number="45"/>
						<line hits="1" number="47"/>
						<line branch="true" condition-coverage="100% (2/2)" hits="1" number="53"/>
						<line branch="true" condition-coverage="100% (2/2)" hits="1" number="54"/>
						<line branch="true" condition-coverage="100% (2/2)" hits="1" number="56"/>
						<line hits="1" number="57"/>
						<line branch="true" condition-coverage="100% (2/2)" hits="1" number="59"/>
						<line hits="1" number="60"/>
						<line hits="1" number="62"/>
						<line branch="true" condition-coverage="100% (2/2)" hits="1" number="64"/>
						<line hits="1" number="65"/>
						<line hits="1" number="67"/>
						<line branch="true" condition-coverage="100% (2/2)" hits="1" number="68"/>
						<line branch="true" condition-coverage="100% (2/2)" hits="1" number="69"/>
						<line hits="1" number="70"/>
					</lines>
				</class>
			</classes>
		</package>
	</packages>
</coverage>
