<?xml version="1.0" encoding="UTF-8"?><testsuite name="nosetests" tests="22" errors="0" failures="0" skip="0"><testcase classname="tests.lamvery.actions_test.ActionsTestCase" name="test_archive" time="0.019"><system-out><![CDATA[Output package zip file to /tmp/tests.lamvery.actions_testEjFBE7
]]></system-out></testcase><testcase classname="tests.lamvery.actions_test.ActionsTestCase" name="test_deploy" time="0.021"><system-out><![CDATA[Deploy finished!
Deploy finished!
]]></system-out></testcase><testcase classname="tests.lamvery.actions_test.ActionsTestCase" name="test_get_archive_name" time="0.009"></testcase><testcase classname="tests.lamvery.actions_test.ActionsTestCase" name="test_get_conf_data" time="0.009"></testcase><testcase classname="tests.lamvery.actions_test.ActionsTestCase" name="test_get_conf_diff" time="0.004"></testcase><testcase classname="tests.lamvery.actions_test.ActionsTestCase" name="test_get_default_conf" time="0.005"></testcase><testcase classname="tests.lamvery.actions_test.ActionsTestCase" name="test_get_function_name" time="0.011"></testcase><testcase classname="tests.lamvery.actions_test.ActionsTestCase" name="test_init" time="0.009"><system-out><![CDATA[Output initial configuration file to /tmp/tests.lamvery.actions_testLGOgZ2.
]]></system-out></testcase><testcase classname="tests.lamvery.actions_test.ActionsTestCase" name="test_needs_write_conf" time="0.006"></testcase><testcase classname="tests.lamvery.actions_test.ActionsTestCase" name="test_print_conf_diff" time="0.004"><system-out><![CDATA[?[32mdescription: No change?[0m
?[1m?[33mhandler: bar > None?[0m
?[32mmemory_size: No change?[0m
?[32mtimeout: No change?[0m
?[1m?[33mrole: foo > bar?[0m
?[32mruntime: No change?[0m
]]></system-out></testcase><testcase classname="tests.lamvery.actions_test.FunctionsTestCase" name="test_represent_odict" time="0.000"></testcase><testcase classname="tests.lamvery.archive_test.ArchiveTestCase" name="test_archive_dir" time="0.107"></testcase><testcase classname="tests.lamvery.archive_test.ArchiveTestCase" name="test_archive_file" time="0.000"></testcase><testcase classname="tests.lamvery.archive_test.ArchiveTestCase" name="test_create_zipfile" time="1.611"><system-err><![CDATA[/usr/lib/python2.7/zipfile.py:1386: UserWarning: Duplicate name: 'lamvery/__init__.pyc'
  self.write(fname, arcname)
/usr/lib/python2.7/zipfile.py:1402: UserWarning: Duplicate name: 'lamvery/actions.pyc'
  self.write(fname, arcname)
/usr/lib/python2.7/zipfile.py:1402: UserWarning: Duplicate name: 'lamvery/cli.pyc'
  self.write(fname, arcname)
]]></system-err></testcase><testcase classname="tests.lamvery.archive_test.ArchiveTestCase" name="test_get_paths" time="0.001"></testcase><testcase classname="tests.lamvery.archive_test.ArchiveTestCase" name="test_is_exclude_dir" time="0.002"></testcase><testcase classname="tests.lamvery.archive_test.ArchiveTestCase" name="test_is_exclude_file" time="0.001"></testcase><testcase classname="tests.lamvery.archive_test.ArchiveTestCase" name="test_is_source_file" time="0.000"></testcase><testcase classname="tests.lamvery.client_test.ClientTestCase" name="test_create_function" time="0.002"></testcase><testcase classname="tests.lamvery.client_test.ClientTestCase" name="test_get_function_conf" time="0.003"></testcase><testcase classname="tests.lamvery.client_test.ClientTestCase" name="test_update_function_code" time="0.002"></testcase><testcase classname="tests.lamvery.client_test.ClientTestCase" name="test_update_function_conf" time="0.004"></testcase></testsuite>